游댮 flarntestuser_64496 (1339107396663906315) left the server.
游릭 flarntestuser_64496 (1339107396663906315) joined the server.
游댮 flarntestuser_64496 (1339107396663906315) left the server.
游릭 flarntestuser_64496 (1339107396663906315) joined the server.
游댮 flarntestuser_64496 (1339107396663906315) left the server.
游릭 flarntestuser_64496 (1339107396663906315) joined the server.
游댮 flarntestuser_64496 (1339107396663906315) left the server.
游릭 flarntestuser_64496 (1339107396663906315) joined the server.
游댮 flarntestuser_64496 (1339107396663906315) left the server.
游릭 flarntestuser_64496 (1339107396663906315) joined the server.
游댮 flarntestuser_64496 (1339107396663906315) left the server. Gumball #1 added to the shrine.
游릭 mavided (1182168247685099531) joined the server.
游릭 aurple_ (265964418934767617) joined the server.
游릭 brownjeffy (1113033740432715826) joined the server.
游릭 dannyfx0053 (1339717438841028689) joined the server.
游릭 yan027245 (1337528419272888362) joined the server.
游댮 yan027245 (1337528419272888362) left the server. Gumball #2 added to the shrine.
游릭 1popvictor (1339703445988315208) joined the server.
游릭 01zerocool01 (693901865682731118) joined the server.
游릭 jackwebnet (1275749336642359388) joined the server.
游릭 jay042528 (1288285206020755548) joined the server.
游릭 jerryy.kz (577845533142548511) joined the server.
游댮 jerryy.kz (577845533142548511) left the server. Gumball #3 added to the shrine.
游릭 zman1977 (1295370095492595782) joined the server.
游릭 firelord69 (739248198018793514) joined the server.
游릭 nakedstoneart (886287381492273162) joined the server.
游릭 angelba. (303207186056740865) joined the server.
游릭 james128171 (986369008569810955) joined the server.
游댮 angelba. (303207186056740865) left the server. Gumball #4 added to the shrine.
游댮 jay042528 (1288285206020755548) left the server. Gumball #5 added to the shrine.
游댮 vn_xnt (1193896998584193144) left the server. Gumball #6 added to the shrine.
游댮 0xsicario.sol (1337894150145839104) left the server. Gumball #7 added to the shrine.
游댮 1popvictor (1339703445988315208) left the server. Gumball #8 added to the shrine.
游릭 kaufybeans (913397176565121064) joined the server.
游릭 petty3192 (858583318710583296) joined the server.
游릭 .jmitch20 (941642810875080724) joined the server.
游릭 killy09491 (1340504485805428748) joined the server.
游릭 oo0psiq (1311021693258698912) joined the server.
游릭 ehbillo (1340614163927662592) joined the server.
游릭 timius_jarjar (983335543544872970) joined the server.
游릭 chuck88 (1062952606131032185) joined the server.
游댮 ehbillo (1340614163927662592) left the server. Gumball #9 added to the shrine.
游릭 jojo097601 (1340345032019808339) joined the server.
游릭 mattias6 (692351690803773494) joined the server.
游릭 benjackto8016 (948349333965778954) joined the server.
游댮 aurple_ (265964418934767617) left the server. Gumball #10 added to the shrine.
游댮 jojo097601 (1340345032019808339) left the server. Gumball #11 added to the shrine.
游릭 darrenschwartzii (1121400540786593843) joined the server.
游릭 darrenschwartzii (1121400540786593843) joined the server.
游댮 benjackto8016 (948349333965778954) left the server. Gumball #12 added to the shrine.
游릭 erfolgreich0073 (1253305287587397676) joined the server.
游댮 erfolgreich0073 (1253305287587397676) left the server. Gumball #13 added to the shrine.
游댮 jpg_prince (805350907319025716) left the server. Gumball #14 added to the shrine.
游릭 chiefcrowe83 (1213327707568349245) joined the server.
游릭 artnesh (836446747613069322) joined the server.
游릭 hermes_1111 (569514408556888065) joined the server.
游릭 faberyy. (1339752389665751060) joined the server.
游릭 bushidobrown28 (367052091706834944) joined the server.
游릭 captbigfish9758 (1116873196524818482) joined the server.
游릭 sammyjojo_ (1190956171876646924) joined the server.
游댮 sammyjojo_ (1190956171876646924) left the server. Gumball #15 added to the shrine.
游릭 mr_snail (924249783609200670) joined the server.
游릭 mysteryz. (447655256701140992) joined the server.
游릭 be_green (705436106065444904) joined the server.
游릭 mattias6 (692351690803773494) joined the server.
游릭 sammyjojo_ (1190956171876646924) joined the server.
游댮 sammyjojo_ (1190956171876646924) left the server. Gumball #16 added to the shrine.
游댮 faberyy. (1339752389665751060) left the server. Gumball #17 added to the shrine.
游릭 seversonemily (1340050930044764274) joined the server.
游댮 heosb34 (1133747285751234641) left the server. Gumball #18 added to the shrine.
游릭 toniwisdom4ab (1225593216456458401) joined the server.
游릭 ballstoyousir (331217602690940929) joined the server.
游릭 sammyjojo_ (1190956171876646924) joined the server.
游릭 princeuyi. (1241364937285177455) joined the server.
游릭 ranep (861722415663284236) joined the server.
游댮 james128171 (986369008569810955) left the server. Gumball #19 added to the shrine.
游댮 beans095631 (1340470299405189191) left the server. Gumball #20 added to the shrine.
游댮 seversonemily (1340050930044764274) left the server. Gumball #21 added to the shrine.
游댮 kymssleitz (878347943692890172) left the server. Gumball #22 added to the shrine.
游댮 wuwuwu7480 (800945923449683988) left the server. Gumball #23 added to the shrine.
游릭 mackenzie2323 (938294334015553566) joined the server.
游댮 toniwisdom4ab (1225593216456458401) left the server. Gumball #24 added to the shrine.
游릭 brianb8091 (915405351048851547) joined the server.
游릭 kingdd3097 (1051887465671184414) joined the server.
游릭 big_jason7 (1061275360790061066) joined the server.
游릭 yan027245 (1337528419272888362) joined the server.
游댮 yan027245 (1337528419272888362) left the server. Gumball #25 added to the shrine.
游댮 sammyjojo_ (1190956171876646924) left the server. Gumball #26 added to the shrine.
游댮 superman171 (563152840231616512) left the server. Gumball #27 added to the shrine.
游댮 kingdd3097 (1051887465671184414) left the server. Gumball #28 added to the shrine.
游릭 mwilly0261 (1338836882368495667) joined the server.
游댮 mwilly0261 (1338836882368495667) left the server. Gumball #29 added to the shrine.
游댮 .amshah (894761647057563690) left the server. Gumball #30 added to the shrine.
游댮 big_jason7 (1061275360790061066) left the server. Gumball #31 added to the shrine.
游릭 chickywinger (700068787763806238) joined the server.
游릭 erillop (1345397359026114670) joined the server.
游댮 erillop (1345397359026114670) left the server. Gumball #32 added to the shrine.
游릭 louis1010010 (929138200302211112) joined the server.
游댮 jimmycash4344 (1089645687597170789) left the server. Gumball #33 added to the shrine.
游릭 pandastar07 (302126557894541312) joined the server.
游릭 esraderey (256604045731430404) joined the server.
游릭 rickspindler (835026519722033153) joined the server.
游릭 leisuresuitkitty (1004943180938096640) joined the server.
游릭 nakalsaurus (415387863333732354) joined the server.
游릭 foxinoufr (1064617701479301270) joined the server.
游릭 ocyeanic (744031191568482356) joined the server.
游댮 ocyeanic (744031191568482356) left the server. Gumball #34 added to the shrine.
游릭 esraderey (256604045731430404) joined the server.
游댮 esraderey (256604045731430404) left the server. Gumball #35 added to the shrine.
游댮 esraderey (256604045731430404) left the server. Gumball #36 added to the shrine.
游릭 kuyencvc (833511663012675595) joined the server.
游릭 esraderey (256604045731430404) joined the server.
游댮 esraderey (256604045731430404) left the server. Gumball #37 added to the shrine.
游릭 hannes_crypto (932297745509789746) joined the server.
游댮 jackwebnet (1275749336642359388) left the server. Gumball #38 added to the shrine.
